<?xml version="1.0" encoding="UTF-8"?>
<!-- Generated by org.testng.reporters.JUnitXMLReporter -->
<testsuite ignored="0" hostname="DESKTOP-OP7I3MO" failures="0" tests="2" name="Default test" time="4.911" errors="0" timestamp="08 Jan 2022 19:12:01 GMT">
  <testcase classname="com.qa.blazedemo.testcases.MainPageTest" name="clickTravellinkTest" time="0.498"/>
  <testcase classname="com.qa.blazedemo.testcases.MainPageTest" name="clickdestinationTest" time="1.118"/>
</testsuite> <!-- Default test -->
