<?xml version="1.0" encoding="UTF-8"?>
<!-- Generated by org.testng.reporters.JUnitXMLReporter -->
<testsuite ignored="0" hostname="DESKTOP-OP7I3MO" failures="0" tests="7" name="Default test" time="55.498" errors="0" timestamp="2022-01-08T23:53:00 AST">
  <testcase classname="com.qa.blazedemo.testcases.PurchaseflightPageTest" name="purchaseFlight" time="0.843"/>
  <testcase classname="com.qa.blazedemo.testcases.PurchaseflightPageTest" name="purchaseFlight" time="0.895"/>
  <testcase classname="com.qa.blazedemo.testcases.PurchaseflightPageTest" name="purchaseFlight" time="0.81"/>
  <testcase classname="com.qa.blazedemo.testcases.PurchaseflightPageTest" name="purchaseFlight" time="0.867"/>
  <testcase classname="com.qa.blazedemo.testcases.PurchaseflightPageTest" name="purchaseFlight" time="0.768"/>
  <testcase classname="com.qa.blazedemo.testcases.PurchaseflightPageTest" name="purchaseFlight" time="0.838"/>
  <testcase classname="com.qa.blazedemo.testcases.PurchaseflightPageTest" name="purchaseFlight" time="0.789"/>
</testsuite> <!-- Default test -->
