<?xml version="1.0" encoding="UTF-8"?>
<!-- Generated by org.testng.reporters.JUnitXMLReporter -->
<testsuite ignored="0" hostname="DESKTOP-OP7I3MO" failures="0" tests="2" name="BlazedemoTest4" time="6.155" errors="0" timestamp="2022-01-08T22:48:37 AST">
  <testcase classname="com.qa.blazedemo.testcases.ChooseFlightPageTest" name="findflightTest" time="3.033"/>
  <testcase classname="com.qa.blazedemo.testcases.ChooseFlightPageTest" name="chooseflightTest" time="0.425"/>
</testsuite> <!-- BlazedemoTest4 -->
