<?xml version="1.0" encoding="UTF-8"?>
<!-- Generated by org.testng.reporters.JUnitXMLReporter -->
<testsuite ignored="0" hostname="DESKTOP-OP7I3MO" failures="0" tests="4" name="BlazedemoTest" time="7.843" errors="0" timestamp="2022-01-08T22:48:19 AST">
  <testcase classname="com.qa.blazedemo.testcases.RegisterPageTest" name="verifiyTitleTest" time="0.017"/>
  <testcase classname="com.qa.blazedemo.testcases.RegisterPageTest" name="clickLinkToRegisterTest" time="2.775"/>
  <testcase classname="com.qa.blazedemo.testcases.RegisterPageTest" name="verifyRegisterURLTest" time="0.015"/>
  <testcase classname="com.qa.blazedemo.testcases.RegisterPageTest" name="registerUserTest" time="1.607"/>
</testsuite> <!-- BlazedemoTest -->
