<?xml version="1.0" encoding="UTF-8"?>
<testng-results ignored="0" total="11" passed="11" failed="0" skipped="0">
  <reporter-output>
  </reporter-output>
  <suite started-at="2022-01-08T23:56:29 AST" name="CapstoneProject" finished-at="2022-01-08T23:56:54 AST" duration-ms="25538">
    <groups>
    </groups>
    <test started-at="2022-01-08T23:56:29 AST" name="BlazedemoTest" finished-at="2022-01-08T23:56:37 AST" duration-ms="8062">
      <class name="com.qa.blazedemo.testcases.RegisterPageTest">
        <test-method is-config="true" signature="initializtion()[pri:0, instance:com.qa.blazedemo.testcases.RegisterPageTest@37654521]" started-at="2022-01-08T23:56:29 AST" name="initializtion" finished-at="2022-01-08T23:56:32 AST" duration-ms="3404" status="PASS">
          <reporter-output>
          </reporter-output>
        </test-method> <!-- initializtion -->
        <test-method is-config="true" signature="openBrowser()[pri:0, instance:com.qa.blazedemo.testcases.RegisterPageTest@37654521]" started-at="2022-01-08T23:56:32 AST" name="openBrowser" finished-at="2022-01-08T23:56:32 AST" duration-ms="2" status="PASS">
          <reporter-output>
          </reporter-output>
        </test-method> <!-- openBrowser -->
        <test-method signature="verifiyTitleTest()[pri:1, instance:com.qa.blazedemo.testcases.RegisterPageTest@37654521]" started-at="2022-01-08T23:56:32 AST" name="verifiyTitleTest" finished-at="2022-01-08T23:56:32 AST" duration-ms="17" status="PASS">
          <reporter-output>
          </reporter-output>
        </test-method> <!-- verifiyTitleTest -->
        <test-method signature="clickLinkToRegisterTest()[pri:2, instance:com.qa.blazedemo.testcases.RegisterPageTest@37654521]" started-at="2022-01-08T23:56:32 AST" name="clickLinkToRegisterTest" finished-at="2022-01-08T23:56:35 AST" duration-ms="2785" status="PASS">
          <reporter-output>
          </reporter-output>
        </test-method> <!-- clickLinkToRegisterTest -->
        <test-method signature="verifyRegisterURLTest()[pri:3, instance:com.qa.blazedemo.testcases.RegisterPageTest@37654521]" started-at="2022-01-08T23:56:35 AST" name="verifyRegisterURLTest" finished-at="2022-01-08T23:56:35 AST" duration-ms="17" status="PASS">
          <reporter-output>
          </reporter-output>
        </test-method> <!-- verifyRegisterURLTest -->
        <test-method signature="registerUserTest(java.lang.String,java.lang.String,java.lang.String,java.lang.String,java.lang.String)[pri:4, instance:com.qa.blazedemo.testcases.RegisterPageTest@37654521]" started-at="2022-01-08T23:56:35 AST" name="registerUserTest" finished-at="2022-01-08T23:56:37 AST" duration-ms="1668" status="PASS">
          <params>
            <param index="0">
              <value>
                <![CDATA[admin]]>
              </value>
            </param>
            <param index="1">
              <value>
                <![CDATA[sp]]>
              </value>
            </param>
            <param index="2">
              <value>
                <![CDATA[admin@sp.com]]>
              </value>
            </param>
            <param index="3">
              <value>
                <![CDATA[admin@123]]>
              </value>
            </param>
            <param index="4">
              <value>
                <![CDATA[admin@123]]>
              </value>
            </param>
          </params>
          <reporter-output>
          </reporter-output>
        </test-method> <!-- registerUserTest -->
        <test-method is-config="true" signature="closeBrowser()[pri:0, instance:com.qa.blazedemo.testcases.RegisterPageTest@37654521]" started-at="2022-01-08T23:56:37 AST" name="closeBrowser" finished-at="2022-01-08T23:56:37 AST" duration-ms="98" status="PASS">
          <reporter-output>
          </reporter-output>
        </test-method> <!-- closeBrowser -->
      </class> <!-- com.qa.blazedemo.testcases.RegisterPageTest -->
    </test> <!-- BlazedemoTest -->
    <test started-at="2022-01-08T23:56:37 AST" name="BlazedemoTest2" finished-at="2022-01-08T23:56:43 AST" duration-ms="6511">
      <class name="com.qa.blazedemo.testcases.LoginPageTest">
        <test-method is-config="true" signature="initializtion()[pri:0, instance:com.qa.blazedemo.testcases.LoginPageTest@a530d0a]" started-at="2022-01-08T23:56:37 AST" name="initializtion" finished-at="2022-01-08T23:56:39 AST" duration-ms="2541" status="PASS">
          <reporter-output>
          </reporter-output>
        </test-method> <!-- initializtion -->
        <test-method is-config="true" signature="openBroswer()[pri:0, instance:com.qa.blazedemo.testcases.LoginPageTest@a530d0a]" started-at="2022-01-08T23:56:39 AST" name="openBroswer" finished-at="2022-01-08T23:56:39 AST" duration-ms="2" status="PASS">
          <reporter-output>
          </reporter-output>
        </test-method> <!-- openBroswer -->
        <test-method signature="clickLinkToLoginPageTest()[pri:1, instance:com.qa.blazedemo.testcases.LoginPageTest@a530d0a]" started-at="2022-01-08T23:56:39 AST" name="clickLinkToLoginPageTest" finished-at="2022-01-08T23:56:42 AST" duration-ms="2134" status="PASS">
          <reporter-output>
          </reporter-output>
        </test-method> <!-- clickLinkToLoginPageTest -->
        <test-method signature="verifyLoginURLTest()[pri:2, instance:com.qa.blazedemo.testcases.LoginPageTest@a530d0a]" started-at="2022-01-08T23:56:42 AST" name="verifyLoginURLTest" finished-at="2022-01-08T23:56:42 AST" duration-ms="9" status="PASS">
          <reporter-output>
          </reporter-output>
        </test-method> <!-- verifyLoginURLTest -->
        <test-method signature="logindetailsTest(java.lang.String,java.lang.String)[pri:3, instance:com.qa.blazedemo.testcases.LoginPageTest@a530d0a]" started-at="2022-01-08T23:56:42 AST" name="logindetailsTest" finished-at="2022-01-08T23:56:43 AST" duration-ms="1737" status="PASS">
          <params>
            <param index="0">
              <value>
                <![CDATA[admin@sp.com]]>
              </value>
            </param>
            <param index="1">
              <value>
                <![CDATA[admin@123]]>
              </value>
            </param>
          </params>
          <reporter-output>
          </reporter-output>
        </test-method> <!-- logindetailsTest -->
        <test-method is-config="true" signature="closeBrowser()[pri:0, instance:com.qa.blazedemo.testcases.LoginPageTest@a530d0a]" started-at="2022-01-08T23:56:43 AST" name="closeBrowser" finished-at="2022-01-08T23:56:43 AST" duration-ms="79" status="PASS">
          <reporter-output>
          </reporter-output>
        </test-method> <!-- closeBrowser -->
      </class> <!-- com.qa.blazedemo.testcases.LoginPageTest -->
    </test> <!-- BlazedemoTest2 -->
    <test started-at="2022-01-08T23:56:43 AST" name="BlazedemoTest3" finished-at="2022-01-08T23:56:48 AST" duration-ms="4429">
      <class name="com.qa.blazedemo.testcases.MainPageTest">
        <test-method is-config="true" signature="initializtion()[pri:0, instance:com.qa.blazedemo.testcases.MainPageTest@18d87d80]" started-at="2022-01-08T23:56:43 AST" name="initializtion" finished-at="2022-01-08T23:56:46 AST" duration-ms="2686" status="PASS">
          <reporter-output>
          </reporter-output>
        </test-method> <!-- initializtion -->
        <test-method is-config="true" signature="openBroswer()[pri:0, instance:com.qa.blazedemo.testcases.MainPageTest@18d87d80]" started-at="2022-01-08T23:56:46 AST" name="openBroswer" finished-at="2022-01-08T23:56:46 AST" duration-ms="3" status="PASS">
          <reporter-output>
          </reporter-output>
        </test-method> <!-- openBroswer -->
        <test-method signature="clickTravellinkTest()[pri:1, instance:com.qa.blazedemo.testcases.MainPageTest@18d87d80]" started-at="2022-01-08T23:56:46 AST" name="clickTravellinkTest" finished-at="2022-01-08T23:56:47 AST" duration-ms="475" status="PASS">
          <reporter-output>
          </reporter-output>
        </test-method> <!-- clickTravellinkTest -->
        <test-method signature="clickdestinationTest()[pri:1, instance:com.qa.blazedemo.testcases.MainPageTest@18d87d80]" started-at="2022-01-08T23:56:47 AST" name="clickdestinationTest" finished-at="2022-01-08T23:56:48 AST" duration-ms="1172" status="PASS">
          <reporter-output>
          </reporter-output>
        </test-method> <!-- clickdestinationTest -->
        <test-method is-config="true" signature="closeBrowser()[pri:0, instance:com.qa.blazedemo.testcases.MainPageTest@18d87d80]" started-at="2022-01-08T23:56:48 AST" name="closeBrowser" finished-at="2022-01-08T23:56:48 AST" duration-ms="88" status="PASS">
          <reporter-output>
          </reporter-output>
        </test-method> <!-- closeBrowser -->
      </class> <!-- com.qa.blazedemo.testcases.MainPageTest -->
    </test> <!-- BlazedemoTest3 -->
    <test started-at="2022-01-08T23:56:48 AST" name="BlazedemoTest5" finished-at="2022-01-08T23:56:54 AST" duration-ms="6449">
      <class name="com.qa.blazedemo.testcases.ChooseFlightPageTest">
        <test-method is-config="true" signature="initializtion()[pri:0, instance:com.qa.blazedemo.testcases.ChooseFlightPageTest@2c35e847]" started-at="2022-01-08T23:56:48 AST" name="initializtion" finished-at="2022-01-08T23:56:50 AST" duration-ms="2622" status="PASS">
          <reporter-output>
          </reporter-output>
        </test-method> <!-- initializtion -->
        <test-method is-config="true" signature="openbrowser()[pri:0, instance:com.qa.blazedemo.testcases.ChooseFlightPageTest@2c35e847]" started-at="2022-01-08T23:56:50 AST" name="openbrowser" finished-at="2022-01-08T23:56:50 AST" duration-ms="4" status="PASS">
          <reporter-output>
          </reporter-output>
        </test-method> <!-- openbrowser -->
        <test-method signature="findflightTest(java.lang.String,java.lang.String)[pri:49, instance:com.qa.blazedemo.testcases.ChooseFlightPageTest@2c35e847]" started-at="2022-01-08T23:56:50 AST" name="findflightTest" finished-at="2022-01-08T23:56:53 AST" duration-ms="3051" status="PASS">
          <params>
            <param index="0">
              <value>
                <![CDATA[Paris]]>
              </value>
            </param>
            <param index="1">
              <value>
                <![CDATA[London]]>
              </value>
            </param>
          </params>
          <reporter-output>
          </reporter-output>
        </test-method> <!-- findflightTest -->
        <test-method signature="chooseflightTest()[pri:50, instance:com.qa.blazedemo.testcases.ChooseFlightPageTest@2c35e847]" started-at="2022-01-08T23:56:53 AST" name="chooseflightTest" finished-at="2022-01-08T23:56:54 AST" duration-ms="700" status="PASS">
          <reporter-output>
          </reporter-output>
        </test-method> <!-- chooseflightTest -->
        <test-method is-config="true" signature="closeBrowser()[pri:0, instance:com.qa.blazedemo.testcases.ChooseFlightPageTest@2c35e847]" started-at="2022-01-08T23:56:54 AST" name="closeBrowser" finished-at="2022-01-08T23:56:54 AST" duration-ms="67" status="PASS">
          <reporter-output>
          </reporter-output>
        </test-method> <!-- closeBrowser -->
      </class> <!-- com.qa.blazedemo.testcases.ChooseFlightPageTest -->
    </test> <!-- BlazedemoTest5 -->
  </suite> <!-- CapstoneProject -->
</testng-results>
