<?xml version="1.0" encoding="UTF-8"?>
<testng-results ignored="0" total="1" passed="1" failed="0" skipped="0">
  <reporter-output>
  </reporter-output>
  <suite started-at="2022-01-09T02:28:58 AST" name="Default suite" finished-at="2022-01-09T02:29:00 AST" duration-ms="2717">
    <groups>
    </groups>
    <test started-at="2022-01-09T02:28:58 AST" name="Default test" finished-at="2022-01-09T02:29:00 AST" duration-ms="2717">
      <class name="com.qa.capstone.RestAPI.POSTPassenger">
        <test-method signature="postReq()[pri:0, instance:com.qa.capstone.RestAPI.POSTPassenger@4944252c]" started-at="2022-01-09T02:28:58 AST" name="postReq" finished-at="2022-01-09T02:29:00 AST" duration-ms="2686" status="PASS">
          <reporter-output>
          </reporter-output>
        </test-method> <!-- postReq -->
      </class> <!-- com.qa.capstone.RestAPI.POSTPassenger -->
    </test> <!-- Default test -->
  </suite> <!-- Default suite -->
</testng-results>
