<?xml version="1.0" encoding="UTF-8"?>
<!-- Generated by org.testng.reporters.JUnitXMLReporter -->
<testsuite ignored="0" hostname="DESKTOP-OP7I3MO" failures="0" tests="3" name="BlazedemoTest2" time="6.511" errors="0" timestamp="2022-01-08T23:56:43 AST">
  <testcase classname="com.qa.blazedemo.testcases.LoginPageTest" name="clickLinkToLoginPageTest" time="2.134"/>
  <testcase classname="com.qa.blazedemo.testcases.LoginPageTest" name="verifyLoginURLTest" time="0.009"/>
  <testcase classname="com.qa.blazedemo.testcases.LoginPageTest" name="logindetailsTest" time="1.737"/>
</testsuite> <!-- BlazedemoTest2 -->
