<?xml version="1.0" encoding="UTF-8"?>
<!-- Generated by org.testng.reporters.JUnitXMLReporter -->
<testsuite ignored="0" hostname="DESKTOP-OP7I3MO" failures="0" tests="2" name="BlazedemoTest3" time="4.429" errors="0" timestamp="2022-01-08T23:56:48 AST">
  <testcase classname="com.qa.blazedemo.testcases.MainPageTest" name="clickTravellinkTest" time="0.475"/>
  <testcase classname="com.qa.blazedemo.testcases.MainPageTest" name="clickdestinationTest" time="1.172"/>
</testsuite> <!-- BlazedemoTest3 -->
