<?xml version="1.0" encoding="UTF-8"?>
<!-- Generated by org.testng.reporters.JUnitXMLReporter -->
<testsuite ignored="0" hostname="DESKTOP-OP7I3MO" failures="0" tests="4" name="BlazedemoTest" time="8.062" errors="0" timestamp="2022-01-08T23:56:37 AST">
  <testcase classname="com.qa.blazedemo.testcases.RegisterPageTest" name="verifiyTitleTest" time="0.017"/>
  <testcase classname="com.qa.blazedemo.testcases.RegisterPageTest" name="clickLinkToRegisterTest" time="2.785"/>
  <testcase classname="com.qa.blazedemo.testcases.RegisterPageTest" name="verifyRegisterURLTest" time="0.017"/>
  <testcase classname="com.qa.blazedemo.testcases.RegisterPageTest" name="registerUserTest" time="1.668"/>
</testsuite> <!-- BlazedemoTest -->
