<?xml version="1.0" encoding="UTF-8"?>
<!-- Generated by org.testng.reporters.JUnitXMLReporter -->
<testsuite ignored="0" hostname="DESKTOP-OP7I3MO" failures="0" tests="2" name="BlazedemoTest5" time="6.449" errors="0" timestamp="2022-01-08T23:56:54 AST">
  <testcase classname="com.qa.blazedemo.testcases.ChooseFlightPageTest" name="findflightTest" time="3.051"/>
  <testcase classname="com.qa.blazedemo.testcases.ChooseFlightPageTest" name="chooseflightTest" time="0.7"/>
</testsuite> <!-- BlazedemoTest5 -->
